<?xml version="1.0" encoding="UTF-8"?>
<!-- Generated by org.testng.reporters.JUnitReportReporter -->
<testsuite hostname="DESKTOP-E7PF5MT" failures="0" tests="8" name="Runner.TestRunner" time="1.503" errors="0" timestamp="2024-02-10T22:08:27 CST" skipped="0">
  <testcase classname="Runner.TestRunner" name="runScenario" time="0.189"/>
  <testcase classname="Runner.TestRunner" name="runScenario" time="0.188"/>
  <testcase classname="Runner.TestRunner" name="runScenario" time="0.187"/>
  <testcase classname="Runner.TestRunner" name="runScenario" time="0.187"/>
  <testcase classname="Runner.TestRunner" name="runScenario" time="0.188"/>
  <testcase classname="Runner.TestRunner" name="runScenario" time="0.189"/>
  <testcase classname="Runner.TestRunner" name="runScenario" time="0.187"/>
  <testcase classname="Runner.TestRunner" name="runScenario" time="0.188"/>
</testsuite> <!-- Runner.TestRunner -->
